#
# There is insufficient memory for the Java Runtime Environment to continue.
# Native memory allocation (malloc) failed to allocate 1793632 bytes for Chunk::new
# Possible reasons:
#   The system is out of physical RAM or swap space
#   The process is running with CompressedOops enabled, and the Java Heap may be blocking the growth of the native heap
# Possible solutions:
#   Reduce memory load on the system
#   Increase physical memory or swap space
#   Check if swap backing store is full
#   Decrease Java heap size (-Xmx/-Xms)
#   Decrease number of Java threads
#   Decrease Java thread stack sizes (-Xss)
#   Set larger code cache with -XX:ReservedCodeCacheSize=
#   JVM is running with Unscaled Compressed Oops mode in which the Java heap is
#     placed in the first 4GB address space. The Java Heap base address is the
#     maximum limit for the native heap growth. Please use -XX:HeapBaseMinAddress
#     to set the Java Heap base and to place the Java Heap above 4GB virtual address.
# This output file may be truncated or incomplete.
#
#  Out of Memory Error (arena.cpp:189), pid=27236, tid=48912
#
# JRE version: Java(TM) SE Runtime Environment (17.0.3.1+2) (build 17.0.3.1+2-LTS-6)
# Java VM: Java HotSpot(TM) 64-Bit Server VM (17.0.3.1+2-LTS-6, mixed mode, sharing, tiered, compressed oops, compressed class ptrs, g1 gc, windows-amd64)
# No core dump will be written. Minidumps are not enabled by default on client versions of Windows
#

---------------  S U M M A R Y ------------

Command Line: -javaagent:C:\Program Files\JetBrains\IntelliJ IDEA Community Edition 2022.2.3\lib\idea_rt.jar=51870:C:\Program Files\JetBrains\IntelliJ IDEA Community Edition 2022.2.3\bin -Dfile.encoding=UTF-8 com.project.mvc.Application

Host: AMD Ryzen 7 5700U with Radeon Graphics         , 16 cores, 5G,  Windows 11 , 64 bit Build 22621 (10.0.22621.5415)
Time: Mon Aug  4 16:16:59 2025 Hora Padrão de Buenos Aires elapsed time: 2.261870 seconds (0d 0h 0m 2s)

---------------  T H R E A D  ---------------

Current thread (0x00000188349d8cd0):  JavaThread "C2 CompilerThread1" daemon [_thread_in_native, id=48912, stack(0x0000007361800000,0x0000007361900000)]


Current CompileTask:
C2:   2262 1879       4       jdk.internal.org.objectweb.asm.Frame::execute (2305 bytes)

Stack: [0x0000007361800000,0x0000007361900000]
Native frames: (J=compiled Java code, j=interpreted, Vv=VM code, C=native code)
V  [jvm.dll+0x6711ba]
V  [jvm.dll+0x7d0834]
V  [jvm.dll+0x7d1fde]
V  [jvm.dll+0x7d2643]
V  [jvm.dll+0x242c85]
V  [jvm.dll+0xaa57b]
V  [jvm.dll+0xaab0c]
V  [jvm.dll+0x35ff77]
V  [jvm.dll+0x32a581]
V  [jvm.dll+0x329a2a]
V  [jvm.dll+0x215d61]
V  [jvm.dll+0x215181]
V  [jvm.dll+0x1a1c3d]
V  [jvm.dll+0x2249c8]
V  [jvm.dll+0x222b2c]
V  [jvm.dll+0x78650b]
V  [jvm.dll+0x780aca]
V  [jvm.dll+0x670045]
C  [ucrtbase.dll+0x29333]
C  [KERNEL32.DLL+0x1259d]
C  [ntdll.dll+0x5af78]


---------------  P R O C E S S  ---------------

Threads class SMR info:
_java_thread_list=0x0000018834c443a0, length=20, elements={
0x0000018815946c00, 0x0000018833146470, 0x00000188331472e0, 0x0000018833158400,
0x0000018833159fd0, 0x000001883315cfa0, 0x0000018833163470, 0x0000018833164200,
0x000001883316ccb0, 0x00000188331792a0, 0x0000018833130c40, 0x0000018833ca2fd0,
0x0000018833ca80d0, 0x0000018833ca8eb0, 0x0000018833eb08e0, 0x0000018834009730,
0x000001883475b080, 0x0000018834758060, 0x00000188349d8cd0, 0x0000018834758ed0
}

Java Threads: ( => current thread )
  0x0000018815946c00 JavaThread "main" [_thread_blocked, id=65672, stack(0x000000735f800000,0x000000735f900000)]
  0x0000018833146470 JavaThread "Reference Handler" daemon [_thread_blocked, id=47756, stack(0x000000735ff00000,0x0000007360000000)]
  0x00000188331472e0 JavaThread "Finalizer" daemon [_thread_blocked, id=34768, stack(0x0000007360000000,0x0000007360100000)]
  0x0000018833158400 JavaThread "Signal Dispatcher" daemon [_thread_blocked, id=61592, stack(0x0000007360100000,0x0000007360200000)]
  0x0000018833159fd0 JavaThread "Attach Listener" daemon [_thread_blocked, id=49764, stack(0x0000007360200000,0x0000007360300000)]
  0x000001883315cfa0 JavaThread "Service Thread" daemon [_thread_blocked, id=65848, stack(0x0000007360300000,0x0000007360400000)]
  0x0000018833163470 JavaThread "Monitor Deflation Thread" daemon [_thread_blocked, id=66668, stack(0x0000007360400000,0x0000007360500000)]
  0x0000018833164200 JavaThread "C2 CompilerThread0" daemon [_thread_in_native, id=66408, stack(0x0000007360500000,0x0000007360600000)]
  0x000001883316ccb0 JavaThread "C1 CompilerThread0" daemon [_thread_blocked, id=56768, stack(0x0000007360600000,0x0000007360700000)]
  0x00000188331792a0 JavaThread "Sweeper thread" daemon [_thread_blocked, id=61968, stack(0x0000007360700000,0x0000007360800000)]
  0x0000018833130c40 JavaThread "Common-Cleaner" daemon [_thread_blocked, id=67360, stack(0x0000007360800000,0x0000007360900000)]
  0x0000018833ca2fd0 JavaThread "C1 CompilerThread1" daemon [_thread_blocked, id=60848, stack(0x0000007360900000,0x0000007360a00000)]
  0x0000018833ca80d0 JavaThread "C1 CompilerThread2" daemon [_thread_blocked, id=62604, stack(0x0000007360a00000,0x0000007360b00000)]
  0x0000018833ca8eb0 JavaThread "C1 CompilerThread3" daemon [_thread_blocked, id=67316, stack(0x0000007360b00000,0x0000007360c00000)]
  0x0000018833eb08e0 JavaThread "Monitor Ctrl-Break" daemon [_thread_in_native, id=62556, stack(0x0000007360d00000,0x0000007360e00000)]
  0x0000018834009730 JavaThread "Notification Thread" daemon [_thread_blocked, id=67276, stack(0x0000007360e00000,0x0000007360f00000)]
  0x000001883475b080 JavaThread "Thread-0" [_thread_blocked, id=62064, stack(0x0000007360c00000,0x0000007360d00000)]
  0x0000018834758060 JavaThread "restartedMain" [_thread_in_Java, id=63420, stack(0x0000007361000000,0x0000007361100000)]
=>0x00000188349d8cd0 JavaThread "C2 CompilerThread1" daemon [_thread_in_native, id=48912, stack(0x0000007361800000,0x0000007361900000)]
  0x0000018834758ed0 JavaThread "background-preinit" [_thread_in_vm, id=66104, stack(0x0000007361900000,0x0000007361a00000)]

Other Threads:
  0x0000018833142880 VMThread "VM Thread" [stack: 0x000000735fe00000,0x000000735ff00000] [id=48664]
  0x00000188159a7e60 WatcherThread [stack: 0x0000007360f00000,0x0000007361000000] [id=64976]
  0x0000018815993520 GCTaskThread "GC Thread#0" [stack: 0x000000735f900000,0x000000735fa00000] [id=43340]
  0x00000188347b2630 GCTaskThread "GC Thread#1" [stack: 0x0000007361100000,0x0000007361200000] [id=65552]
  0x00000188347d8160 GCTaskThread "GC Thread#2" [stack: 0x0000007361200000,0x0000007361300000] [id=47948]
  0x00000188347d8410 GCTaskThread "GC Thread#3" [stack: 0x0000007361300000,0x0000007361400000] [id=65312]
  0x0000018834818d70 GCTaskThread "GC Thread#4" [stack: 0x0000007361400000,0x0000007361500000] [id=58540]
  0x0000018834819020 GCTaskThread "GC Thread#5" [stack: 0x0000007361500000,0x0000007361600000] [id=64792]
  0x00000188348735d0 GCTaskThread "GC Thread#6" [stack: 0x0000007361600000,0x0000007361700000] [id=45988]
  0x0000018834873880 GCTaskThread "GC Thread#7" [stack: 0x0000007361700000,0x0000007361800000] [id=60900]
  0x000001881387ced0 ConcurrentGCThread "G1 Main Marker" [stack: 0x000000735fa00000,0x000000735fb00000] [id=62716]
  0x000001881387e9c0 ConcurrentGCThread "G1 Conc#0" [stack: 0x000000735fb00000,0x000000735fc00000] [id=66176]
  0x00000188159f8bc0 ConcurrentGCThread "G1 Refine#0" [stack: 0x000000735fc00000,0x000000735fd00000] [id=60492]
  0x00000188159f95e0 ConcurrentGCThread "G1 Service" [stack: 0x000000735fd00000,0x000000735fe00000] [id=65336]

Threads with active compile tasks:
C2 CompilerThread0     2360 2033       4       java.util.HashSet::add (20 bytes)
C1 CompilerThread1     2360 2072       3       java.util.AbstractCollection::addAll (42 bytes)
C2 CompilerThread1     2361 1879       4       jdk.internal.org.objectweb.asm.Frame::execute (2305 bytes)

VM state: not at safepoint (normal execution)

VM Mutex/Monitor currently owned by a thread:  ([mutex/lock_event])
[0x0000018815941980] CodeCache_lock - owner thread: 0x0000000000000000
[0x0000018815943e70] MethodData_lock - owner thread: 0x0000000000000000

Heap address: 0x00000000a2200000, size: 1502 MB, Compressed Oops mode: 32-bit

CDS archive(s) mapped at: [0x0000000800000000-0x0000000800bc0000-0x0000000800bc0000), size 12320768, SharedBaseAddress: 0x0000000800000000, ArchiveRelocationMode: 0.
Compressed class space mapped at: 0x0000000800c00000-0x0000000840c00000, reserved size: 1073741824
Narrow klass base: 0x0000000800000000, Narrow klass shift: 0, Narrow klass range: 0x100000000

GC Precious Log:
 CPUs: 16 total, 16 available
 Memory: 6005M
 Large Page Support: Disabled
 NUMA Support: Disabled
 Compressed Oops: Enabled (32-bit)
 Heap Region Size: 1M
 Heap Min Capacity: 8M
 Heap Initial Capacity: 94M
 Heap Max Capacity: 1502M
 Pre-touch: Disabled
 Parallel Workers: 13
 Concurrent Workers: 3
 Concurrent Refinement Workers: 13
 Periodic GC: Disabled

Heap:
 garbage-first heap   total 96256K, used 32423K [0x00000000a2200000, 0x0000000100000000)
  region size 1024K, 32 young (32768K), 3 survivors (3072K)
 Metaspace       used 12838K, committed 13184K, reserved 1064960K
  class space    used 1567K, committed 1728K, reserved 1048576K

Heap Regions: E=young(eden), S=young(survivor), O=old, HS=humongous(starts), HC=humongous(continues), CS=collection set, F=free, OA=open archive, CA=closed archive, TAMS=top-at-mark-start (previous, next)
|   0|0x00000000a2200000, 0x00000000a2300000, 0x00000000a2300000|100%| O|  |TAMS 0x00000000a2200000, 0x00000000a2200000| Untracked 
|   1|0x00000000a2300000, 0x00000000a23a9c00, 0x00000000a2400000| 66%| O|  |TAMS 0x00000000a2300000, 0x00000000a2300000| Untracked 
|   2|0x00000000a2400000, 0x00000000a2400000, 0x00000000a2500000|  0%| F|  |TAMS 0x00000000a2400000, 0x00000000a2400000| Untracked 
|   3|0x00000000a2500000, 0x00000000a2500000, 0x00000000a2600000|  0%| F|  |TAMS 0x00000000a2500000, 0x00000000a2500000| Untracked 
|   4|0x00000000a2600000, 0x00000000a2600000, 0x00000000a2700000|  0%| F|  |TAMS 0x00000000a2600000, 0x00000000a2600000| Untracked 
|   5|0x00000000a2700000, 0x00000000a2700000, 0x00000000a2800000|  0%| F|  |TAMS 0x00000000a2700000, 0x00000000a2700000| Untracked 
|   6|0x00000000a2800000, 0x00000000a2800000, 0x00000000a2900000|  0%| F|  |TAMS 0x00000000a2800000, 0x00000000a2800000| Untracked 
|   7|0x00000000a2900000, 0x00000000a2900000, 0x00000000a2a00000|  0%| F|  |TAMS 0x00000000a2900000, 0x00000000a2900000| Untracked 
|   8|0x00000000a2a00000, 0x00000000a2a00000, 0x00000000a2b00000|  0%| F|  |TAMS 0x00000000a2a00000, 0x00000000a2a00000| Untracked 
|   9|0x00000000a2b00000, 0x00000000a2b00000, 0x00000000a2c00000|  0%| F|  |TAMS 0x00000000a2b00000, 0x00000000a2b00000| Untracked 
|  10|0x00000000a2c00000, 0x00000000a2c00000, 0x00000000a2d00000|  0%| F|  |TAMS 0x00000000a2c00000, 0x00000000a2c00000| Untracked 
|  11|0x00000000a2d00000, 0x00000000a2d00000, 0x00000000a2e00000|  0%| F|  |TAMS 0x00000000a2d00000, 0x00000000a2d00000| Untracked 
|  12|0x00000000a2e00000, 0x00000000a2e00000, 0x00000000a2f00000|  0%| F|  |TAMS 0x00000000a2e00000, 0x00000000a2e00000| Untracked 
|  13|0x00000000a2f00000, 0x00000000a2f00000, 0x00000000a3000000|  0%| F|  |TAMS 0x00000000a2f00000, 0x00000000a2f00000| Untracked 
|  14|0x00000000a3000000, 0x00000000a3000000, 0x00000000a3100000|  0%| F|  |TAMS 0x00000000a3000000, 0x00000000a3000000| Untracked 
|  15|0x00000000a3100000, 0x00000000a3100000, 0x00000000a3200000|  0%| F|  |TAMS 0x00000000a3100000, 0x00000000a3100000| Untracked 
|  16|0x00000000a3200000, 0x00000000a3200000, 0x00000000a3300000|  0%| F|  |TAMS 0x00000000a3200000, 0x00000000a3200000| Untracked 
|  17|0x00000000a3300000, 0x00000000a3300000, 0x00000000a3400000|  0%| F|  |TAMS 0x00000000a3300000, 0x00000000a3300000| Untracked 
|  18|0x00000000a3400000, 0x00000000a3400000, 0x00000000a3500000|  0%| F|  |TAMS 0x00000000a3400000, 0x00000000a3400000| Untracked 
|  19|0x00000000a3500000, 0x00000000a3500000, 0x00000000a3600000|  0%| F|  |TAMS 0x00000000a3500000, 0x00000000a3500000| Untracked 
|  20|0x00000000a3600000, 0x00000000a3600000, 0x00000000a3700000|  0%| F|  |TAMS 0x00000000a3600000, 0x00000000a3600000| Untracked 
|  21|0x00000000a3700000, 0x00000000a3700000, 0x00000000a3800000|  0%| F|  |TAMS 0x00000000a3700000, 0x00000000a3700000| Untracked 
|  22|0x00000000a3800000, 0x00000000a3800000, 0x00000000a3900000|  0%| F|  |TAMS 0x00000000a3800000, 0x00000000a3800000| Untracked 
|  23|0x00000000a3900000, 0x00000000a3900000, 0x00000000a3a00000|  0%| F|  |TAMS 0x00000000a3900000, 0x00000000a3900000| Untracked 
|  24|0x00000000a3a00000, 0x00000000a3a00000, 0x00000000a3b00000|  0%| F|  |TAMS 0x00000000a3a00000, 0x00000000a3a00000| Untracked 
|  25|0x00000000a3b00000, 0x00000000a3b00000, 0x00000000a3c00000|  0%| F|  |TAMS 0x00000000a3b00000, 0x00000000a3b00000| Untracked 
|  26|0x00000000a3c00000, 0x00000000a3c00000, 0x00000000a3d00000|  0%| F|  |TAMS 0x00000000a3c00000, 0x00000000a3c00000| Untracked 
|  27|0x00000000a3d00000, 0x00000000a3d00000, 0x00000000a3e00000|  0%| F|  |TAMS 0x00000000a3d00000, 0x00000000a3d00000| Untracked 
|  28|0x00000000a3e00000, 0x00000000a3e00000, 0x00000000a3f00000|  0%| F|  |TAMS 0x00000000a3e00000, 0x00000000a3e00000| Untracked 
|  29|0x00000000a3f00000, 0x00000000a3f00000, 0x00000000a4000000|  0%| F|  |TAMS 0x00000000a3f00000, 0x00000000a3f00000| Untracked 
|  30|0x00000000a4000000, 0x00000000a4000000, 0x00000000a4100000|  0%| F|  |TAMS 0x00000000a4000000, 0x00000000a4000000| Untracked 
|  31|0x00000000a4100000, 0x00000000a4100000, 0x00000000a4200000|  0%| F|  |TAMS 0x00000000a4100000, 0x00000000a4100000| Untracked 
|  32|0x00000000a4200000, 0x00000000a4200000, 0x00000000a4300000|  0%| F|  |TAMS 0x00000000a4200000, 0x00000000a4200000| Untracked 
|  33|0x00000000a4300000, 0x00000000a4300000, 0x00000000a4400000|  0%| F|  |TAMS 0x00000000a4300000, 0x00000000a4300000| Untracked 
|  34|0x00000000a4400000, 0x00000000a4400000, 0x00000000a4500000|  0%| F|  |TAMS 0x00000000a4400000, 0x00000000a4400000| Untracked 
|  35|0x00000000a4500000, 0x00000000a4500000, 0x00000000a4600000|  0%| F|  |TAMS 0x00000000a4500000, 0x00000000a4500000| Untracked 
|  36|0x00000000a4600000, 0x00000000a4600000, 0x00000000a4700000|  0%| F|  |TAMS 0x00000000a4600000, 0x00000000a4600000| Untracked 
|  37|0x00000000a4700000, 0x00000000a4700000, 0x00000000a4800000|  0%| F|  |TAMS 0x00000000a4700000, 0x00000000a4700000| Untracked 
|  38|0x00000000a4800000, 0x00000000a4800000, 0x00000000a4900000|  0%| F|  |TAMS 0x00000000a4800000, 0x00000000a4800000| Untracked 
|  39|0x00000000a4900000, 0x00000000a4900000, 0x00000000a4a00000|  0%| F|  |TAMS 0x00000000a4900000, 0x00000000a4900000| Untracked 
|  40|0x00000000a4a00000, 0x00000000a4a00000, 0x00000000a4b00000|  0%| F|  |TAMS 0x00000000a4a00000, 0x00000000a4a00000| Untracked 
|  41|0x00000000a4b00000, 0x00000000a4b00000, 0x00000000a4c00000|  0%| F|  |TAMS 0x00000000a4b00000, 0x00000000a4b00000| Untracked 
|  42|0x00000000a4c00000, 0x00000000a4c00000, 0x00000000a4d00000|  0%| F|  |TAMS 0x00000000a4c00000, 0x00000000a4c00000| Untracked 
|  43|0x00000000a4d00000, 0x00000000a4d00000, 0x00000000a4e00000|  0%| F|  |TAMS 0x00000000a4d00000, 0x00000000a4d00000| Untracked 
|  44|0x00000000a4e00000, 0x00000000a4e00000, 0x00000000a4f00000|  0%| F|  |TAMS 0x00000000a4e00000, 0x00000000a4e00000| Untracked 
|  45|0x00000000a4f00000, 0x00000000a4f00000, 0x00000000a5000000|  0%| F|  |TAMS 0x00000000a4f00000, 0x00000000a4f00000| Untracked 
|  46|0x00000000a5000000, 0x00000000a5000000, 0x00000000a5100000|  0%| F|  |TAMS 0x00000000a5000000, 0x00000000a5000000| Untracked 
|  47|0x00000000a5100000, 0x00000000a5100000, 0x00000000a5200000|  0%| F|  |TAMS 0x00000000a5100000, 0x00000000a5100000| Untracked 
|  48|0x00000000a5200000, 0x00000000a5200000, 0x00000000a5300000|  0%| F|  |TAMS 0x00000000a5200000, 0x00000000a5200000| Untracked 
|  49|0x00000000a5300000, 0x00000000a5300000, 0x00000000a5400000|  0%| F|  |TAMS 0x00000000a5300000, 0x00000000a5300000| Untracked 
|  50|0x00000000a5400000, 0x00000000a5400000, 0x00000000a5500000|  0%| F|  |TAMS 0x00000000a5400000, 0x00000000a5400000| Untracked 
|  51|0x00000000a5500000, 0x00000000a5500000, 0x00000000a5600000|  0%| F|  |TAMS 0x00000000a5500000, 0x00000000a5500000| Untracked 
|  52|0x00000000a5600000, 0x00000000a5600000, 0x00000000a5700000|  0%| F|  |TAMS 0x00000000a5600000, 0x00000000a5600000| Untracked 
|  53|0x00000000a5700000, 0x00000000a5700000, 0x00000000a5800000|  0%| F|  |TAMS 0x00000000a5700000, 0x00000000a5700000| Untracked 
|  54|0x00000000a5800000, 0x00000000a5800000, 0x00000000a5900000|  0%| F|  |TAMS 0x00000000a5800000, 0x00000000a5800000| Untracked 
|  55|0x00000000a5900000, 0x00000000a5900000, 0x00000000a5a00000|  0%| F|  |TAMS 0x00000000a5900000, 0x00000000a5900000| Untracked 
|  56|0x00000000a5a00000, 0x00000000a5a00000, 0x00000000a5b00000|  0%| F|  |TAMS 0x00000000a5a00000, 0x00000000a5a00000| Untracked 
|  57|0x00000000a5b00000, 0x00000000a5b00000, 0x00000000a5c00000|  0%| F|  |TAMS 0x00000000a5b00000, 0x00000000a5b00000| Untracked 
|  58|0x00000000a5c00000, 0x00000000a5c00000, 0x00000000a5d00000|  0%| F|  |TAMS 0x00000000a5c00000, 0x00000000a5c00000| Untracked 
|  59|0x00000000a5d00000, 0x00000000a5d00000, 0x00000000a5e00000|  0%| F|  |TAMS 0x00000000a5d00000, 0x00000000a5d00000| Untracked 
|  60|0x00000000a5e00000, 0x00000000a5e00000, 0x00000000a5f00000|  0%| F|  |TAMS 0x00000000a5e00000, 0x00000000a5e00000| Untracked 
|  61|0x00000000a5f00000, 0x00000000a5f00000, 0x00000000a6000000|  0%| F|  |TAMS 0x00000000a5f00000, 0x00000000a5f00000| Untracked 
|  62|0x00000000a6000000, 0x00000000a60e88e0, 0x00000000a6100000| 90%| E|  |TAMS 0x00000000a6000000, 0x00000000a6000000| Complete 
|  63|0x00000000a6100000, 0x00000000a6200000, 0x00000000a6200000|100%| E|CS|TAMS 0x00000000a6100000, 0x00000000a6100000| Complete 
|  64|0x00000000a6200000, 0x00000000a6300000, 0x00000000a6300000|100%| E|CS|TAMS 0x00000000a6200000, 0x00000000a6200000| Complete 
|  65|0x00000000a6300000, 0x00000000a6400000, 0x00000000a6400000|100%| E|CS|TAMS 0x00000000a6300000, 0x00000000a6300000| Complete 
|  66|0x00000000a6400000, 0x00000000a6500000, 0x00000000a6500000|100%| E|CS|TAMS 0x00000000a6400000, 0x00000000a6400000| Complete 
|  67|0x00000000a6500000, 0x00000000a6600000, 0x00000000a6600000|100%| E|CS|TAMS 0x00000000a6500000, 0x00000000a6500000| Complete 
|  68|0x00000000a6600000, 0x00000000a6700000, 0x00000000a6700000|100%| S|CS|TAMS 0x00000000a6600000, 0x00000000a6600000| Complete 
|  69|0x00000000a6700000, 0x00000000a6800000, 0x00000000a6800000|100%| S|CS|TAMS 0x00000000a6700000, 0x00000000a6700000| Complete 
|  70|0x00000000a6800000, 0x00000000a6900000, 0x00000000a6900000|100%| S|CS|TAMS 0x00000000a6800000, 0x00000000a6800000| Complete 
|  71|0x00000000a6900000, 0x00000000a6a00000, 0x00000000a6a00000|100%| E|CS|TAMS 0x00000000a6900000, 0x00000000a6900000| Complete 
|  72|0x00000000a6a00000, 0x00000000a6b00000, 0x00000000a6b00000|100%| E|CS|TAMS 0x00000000a6a00000, 0x00000000a6a00000| Complete 
|  73|0x00000000a6b00000, 0x00000000a6c00000, 0x00000000a6c00000|100%| E|CS|TAMS 0x00000000a6b00000, 0x00000000a6b00000| Complete 
|  74|0x00000000a6c00000, 0x00000000a6d00000, 0x00000000a6d00000|100%| E|CS|TAMS 0x00000000a6c00000, 0x00000000a6c00000| Complete 
|  75|0x00000000a6d00000, 0x00000000a6e00000, 0x00000000a6e00000|100%| E|  |TAMS 0x00000000a6d00000, 0x00000000a6d00000| Complete 
|  76|0x00000000a6e00000, 0x00000000a6f00000, 0x00000000a6f00000|100%| E|CS|TAMS 0x00000000a6e00000, 0x00000000a6e00000| Complete 
|  77|0x00000000a6f00000, 0x00000000a7000000, 0x00000000a7000000|100%| E|CS|TAMS 0x00000000a6f00000, 0x00000000a6f00000| Complete 
|  78|0x00000000a7000000, 0x00000000a7100000, 0x00000000a7100000|100%| E|CS|TAMS 0x00000000a7000000, 0x00000000a7000000| Complete 
|  79|0x00000000a7100000, 0x00000000a7200000, 0x00000000a7200000|100%| E|CS|TAMS 0x00000000a7100000, 0x00000000a7100000| Complete 
|  80|0x00000000a7200000, 0x00000000a7300000, 0x00000000a7300000|100%| E|CS|TAMS 0x00000000a7200000, 0x00000000a7200000| Complete 
|  81|0x00000000a7300000, 0x00000000a7400000, 0x00000000a7400000|100%| E|CS|TAMS 0x00000000a7300000, 0x00000000a7300000| Complete 
|  82|0x00000000a7400000, 0x00000000a7500000, 0x00000000a7500000|100%| E|CS|TAMS 0x00000000a7400000, 0x00000000a7400000| Complete 
|  83|0x00000000a7500000, 0x00000000a7600000, 0x00000000a7600000|100%| E|CS|TAMS 0x00000000a7500000, 0x00000000a7500000| Complete 
|  84|0x00000000a7600000, 0x00000000a7700000, 0x00000000a7700000|100%| E|CS|TAMS 0x00000000a7600000, 0x00000000a7600000| Complete 
|  85|0x00000000a7700000, 0x00000000a7800000, 0x00000000a7800000|100%| E|CS|TAMS 0x00000000a7700000, 0x00000000a7700000| Complete 
|  86|0x00000000a7800000, 0x00000000a7900000, 0x00000000a7900000|100%| E|CS|TAMS 0x00000000a7800000, 0x00000000a7800000| Complete 
|  87|0x00000000a7900000, 0x00000000a7a00000, 0x00000000a7a00000|100%| E|CS|TAMS 0x00000000a7900000, 0x00000000a7900000| Complete 
|  88|0x00000000a7a00000, 0x00000000a7b00000, 0x00000000a7b00000|100%| E|CS|TAMS 0x00000000a7a00000, 0x00000000a7a00000| Complete 
|  89|0x00000000a7b00000, 0x00000000a7c00000, 0x00000000a7c00000|100%| E|CS|TAMS 0x00000000a7b00000, 0x00000000a7b00000| Complete 
|  90|0x00000000a7c00000, 0x00000000a7d00000, 0x00000000a7d00000|100%| E|CS|TAMS 0x00000000a7c00000, 0x00000000a7c00000| Complete 
|  91|0x00000000a7d00000, 0x00000000a7e00000, 0x00000000a7e00000|100%| E|CS|TAMS 0x00000000a7d00000, 0x00000000a7d00000| Complete 
|  92|0x00000000a7e00000, 0x00000000a7f00000, 0x00000000a7f00000|100%| E|CS|TAMS 0x00000000a7e00000, 0x00000000a7e00000| Complete 
|  93|0x00000000a7f00000, 0x00000000a8000000, 0x00000000a8000000|100%| E|CS|TAMS 0x00000000a7f00000, 0x00000000a7f00000| Complete 

Card table byte_map: [0x000001882cd20000,0x000001882d010000] _byte_map_base: 0x000001882c80f000

Marking Bits (Prev, Next): (CMBitMap*) 0x0000018815993b30, (CMBitMap*) 0x0000018815993b70
 Prev Bits: [0x000001882d300000, 0x000001882ea78000)
 Next Bits: [0x000001882ea80000, 0x00000188301f8000)

Polling page: 0x0000018813880000

Metaspace:

Usage:
  Non-class:     11.08 MB used.
      Class:      1.54 MB used.
       Both:     12.62 MB used.

Virtual space:
  Non-class space:       16.00 MB reserved,      11.25 MB ( 70%) committed,  2 nodes.
      Class space:        1.00 GB reserved,       1.69 MB ( <1%) committed,  1 nodes.
             Both:        1.02 GB reserved,      12.94 MB (  1%) committed. 

Chunk freelists:
   Non-Class:  656.00 KB
       Class:  2.25 MB
        Both:  2.89 MB

MaxMetaspaceSize: unlimited
CompressedClassSpaceSize: 1.00 GB
Initial GC threshold: 21.00 MB
Current GC threshold: 21.00 MB
CDS: on
MetaspaceReclaimPolicy: balanced
 - commit_granule_bytes: 65536.
 - commit_granule_words: 8192.
 - virtual_space_node_default_size: 1048576.
 - enlarge_chunks_in_place: 1.
 - new_chunks_are_fully_committed: 0.
 - uncommit_free_chunks: 1.
 - use_allocation_guard: 0.
 - handle_deallocations: 1.


Internal statistics:

num_allocs_failed_limit: 0.
num_arena_births: 336.
num_arena_deaths: 0.
num_vsnodes_births: 3.
num_vsnodes_deaths: 0.
num_space_committed: 207.
num_space_uncommitted: 0.
num_chunks_returned_to_freelist: 0.
num_chunks_taken_from_freelist: 780.
num_chunk_merges: 0.
num_chunk_splits: 504.
num_chunks_enlarged: 339.
num_purges: 0.
num_inconsistent_stats: 0.

CodeHeap 'non-profiled nmethods': size=119168Kb used=663Kb max_used=663Kb free=118504Kb
 bounds [0x0000018824d40000, 0x0000018824fb0000, 0x000001882c1a0000]
CodeHeap 'profiled nmethods': size=119104Kb used=4060Kb max_used=4060Kb free=115043Kb
 bounds [0x000001881d8f0000, 0x000001881dcf0000, 0x0000018824d40000]
CodeHeap 'non-nmethods': size=7488Kb used=2883Kb max_used=2899Kb free=4604Kb
 bounds [0x000001881d1a0000, 0x000001881d480000, 0x000001881d8f0000]
 total_blobs=2566 nmethods=2073 adapters=402
 compilation: enabled
              stopped_count=0, restarted_count=0
 full_count=0

Compilation events (20 events):
Event: 2.140 Thread 0x0000018833164200 nmethod 1906 0x0000018824ddd590 code [0x0000018824ddd700, 0x0000018824ddd7f8]
Event: 2.140 Thread 0x0000018833164200 1927       4       java.util.Set::of (4 bytes)
Event: 2.140 Thread 0x0000018833164200 nmethod 1927 0x0000018824ddd990 code [0x0000018824dddb00, 0x0000018824dddb58]
Event: 2.140 Thread 0x0000018833164200 1907       4       java.util.stream.AbstractPipeline::isParallel (8 bytes)
Event: 2.141 Thread 0x0000018833164200 nmethod 1907 0x0000018824dddc90 code [0x0000018824ddde00, 0x0000018824ddde98]
Event: 2.166 Thread 0x0000018833164200 1934       4       java.util.zip.Inflater::ensureOpen (47 bytes)
Event: 2.167 Thread 0x0000018833164200 nmethod 1934 0x0000018824dddf90 code [0x0000018824dde100, 0x0000018824dde1b8]
Event: 2.182 Thread 0x0000018833164200 1935       4       java.lang.ClassLoader::checkName (37 bytes)
Event: 2.184 Thread 0x0000018833164200 nmethod 1935 0x0000018824dde290 code [0x0000018824dde420, 0x0000018824dde5d8]
Event: 2.185 Thread 0x0000018833ca8eb0 1936       3       java.util.zip.ZipUtils::get16 (21 bytes)
Event: 2.185 Thread 0x0000018833ca8eb0 nmethod 1936 0x000001881dc90f90 code [0x000001881dc91120, 0x000001881dc91278]
Event: 2.222 Thread 0x0000018833164200 1937 % !   4       java.util.concurrent.ConcurrentHashMap::transfer @ 96 (849 bytes)
Event: 2.232 Thread 0x0000018833ca8eb0 1938       1       jdk.internal.loader.AbstractClassLoaderValue$Sub::parent (5 bytes)
Event: 2.232 Thread 0x000001883316ccb0 1939       1       java.lang.reflect.Method::getSharedParameterTypes (5 bytes)
Event: 2.232 Thread 0x0000018833ca8eb0 nmethod 1938 0x0000018824dde710 code [0x0000018824dde8a0, 0x0000018824dde978]
Event: 2.232 Thread 0x000001883316ccb0 nmethod 1939 0x0000018824ddea10 code [0x0000018824ddeba0, 0x0000018824ddec78]
Event: 2.234 Thread 0x000001883316ccb0 1940       3       ch.qos.logback.classic.Logger::getChildByName (68 bytes)
Event: 2.234 Thread 0x0000018833ca8eb0 1941   !   3       java.util.concurrent.ConcurrentHashMap::putVal (432 bytes)
Event: 2.234 Thread 0x000001883316ccb0 nmethod 1940 0x000001881dc91390 code [0x000001881dc91580, 0x000001881dc91b28]
Event: 2.237 Thread 0x0000018833ca8eb0 nmethod 1941 0x000001881dc91d10 code [0x000001881dc92080, 0x000001881dc93c28]

GC Heap History (2 events):
Event: 1.206 GC heap before
{Heap before GC invocations=0 (full 0):
 garbage-first heap   total 96256K, used 22528K [0x00000000a2200000, 0x0000000100000000)
  region size 1024K, 23 young (23552K), 0 survivors (0K)
 Metaspace       used 5926K, committed 6080K, reserved 1056768K
  class space    used 676K, committed 768K, reserved 1048576K
}
Event: 1.212 GC heap after
{Heap after GC invocations=1 (full 0):
 garbage-first heap   total 96256K, used 4775K [0x00000000a2200000, 0x0000000100000000)
  region size 1024K, 3 young (3072K), 3 survivors (3072K)
 Metaspace       used 5926K, committed 6080K, reserved 1056768K
  class space    used 676K, committed 768K, reserved 1048576K
}

Deoptimization events (20 events):
Event: 1.325 Thread 0x0000018834758060 Uncommon trap: trap_request=0xffffffde fr.pc=0x0000018824da67ac relative=0x000000000000010c
Event: 1.325 Thread 0x0000018834758060 Uncommon trap: reason=class_check action=maybe_recompile pc=0x0000018824da67ac method=jdk.internal.misc.Unsafe.allocateUninitializedArray(Ljava/lang/Class;I)Ljava/lang/Object; @ 51 c2
Event: 1.325 Thread 0x0000018834758060 DEOPT PACKING pc=0x0000018824da67ac sp=0x00000073610fd440
Event: 1.325 Thread 0x0000018834758060 DEOPT UNPACKING pc=0x000001881d1f23a3 sp=0x00000073610fd3c8 mode 2
Event: 1.355 Thread 0x0000018834758060 Uncommon trap: trap_request=0xffffffde fr.pc=0x0000018824d9e634 relative=0x00000000000007b4
Event: 1.355 Thread 0x0000018834758060 Uncommon trap: reason=class_check action=maybe_recompile pc=0x0000018824d9e634 method=java.util.HashMap.putVal(ILjava/lang/Object;Ljava/lang/Object;ZZ)Ljava/lang/Object; @ 91 c2
Event: 1.355 Thread 0x0000018834758060 DEOPT PACKING pc=0x0000018824d9e634 sp=0x00000073610fdb50
Event: 1.355 Thread 0x0000018834758060 DEOPT UNPACKING pc=0x000001881d1f23a3 sp=0x00000073610fda60 mode 2
Event: 1.356 Thread 0x0000018834758060 Uncommon trap: trap_request=0xffffffde fr.pc=0x0000018824d9e634 relative=0x00000000000007b4
Event: 1.356 Thread 0x0000018834758060 Uncommon trap: reason=class_check action=maybe_recompile pc=0x0000018824d9e634 method=java.util.HashMap.putVal(ILjava/lang/Object;Ljava/lang/Object;ZZ)Ljava/lang/Object; @ 91 c2
Event: 1.356 Thread 0x0000018834758060 DEOPT PACKING pc=0x0000018824d9e634 sp=0x00000073610fdb50
Event: 1.356 Thread 0x0000018834758060 DEOPT UNPACKING pc=0x000001881d1f23a3 sp=0x00000073610fda60 mode 2
Event: 2.222 Thread 0x0000018834758ed0 Uncommon trap: trap_request=0xffffff45 fr.pc=0x0000018824da563c relative=0x000000000000101c
Event: 2.222 Thread 0x0000018834758ed0 Uncommon trap: reason=unstable_if action=reinterpret pc=0x0000018824da563c method=java.util.concurrent.ConcurrentHashMap.addCount(JI)V @ 171 c2
Event: 2.222 Thread 0x0000018834758ed0 DEOPT PACKING pc=0x0000018824da563c sp=0x00000073619fdb80
Event: 2.222 Thread 0x0000018834758ed0 DEOPT UNPACKING pc=0x000001881d1f23a3 sp=0x00000073619fda40 mode 2
Event: 2.222 Thread 0x0000018834758060 Uncommon trap: trap_request=0xffffff45 fr.pc=0x0000018824da563c relative=0x000000000000101c
Event: 2.222 Thread 0x0000018834758060 Uncommon trap: reason=unstable_if action=reinterpret pc=0x0000018824da563c method=java.util.concurrent.ConcurrentHashMap.addCount(JI)V @ 171 c2
Event: 2.222 Thread 0x0000018834758060 DEOPT PACKING pc=0x0000018824da563c sp=0x00000073610fd9e0
Event: 2.222 Thread 0x0000018834758060 DEOPT UNPACKING pc=0x000001881d1f23a3 sp=0x00000073610fd8a0 mode 2

Classes unloaded (0 events):
No events

Classes redefined (0 events):
No events

Internal exceptions (20 events):
Event: 1.663 Thread 0x0000018834758060 Exception <a 'java/lang/NoSuchMethodError'{0x00000000a77725e8}: 'int java.lang.invoke.DirectMethodHandle$Holder.invokeStaticInit(java.lang.Object, float, float)'> (0x00000000a77725e8) 
thrown [t:\workspace\open\src\hotspot\share\interpreter\linkResolver.cpp, line 766]
Event: 1.664 Thread 0x0000018834758060 Exception <a 'java/lang/NoSuchMethodError'{0x00000000a77796e8}: 'int java.lang.invoke.DirectMethodHandle$Holder.invokeStaticInit(java.lang.Object, double, double)'> (0x00000000a77796e8) 
thrown [t:\workspace\open\src\hotspot\share\interpreter\linkResolver.cpp, line 766]
Event: 1.665 Thread 0x0000018834758060 Exception <a 'java/lang/NoSuchMethodError'{0x00000000a777df60}: 'int java.lang.invoke.DirectMethodHandle$Holder.invokeStatic(java.lang.Object, long)'> (0x00000000a777df60) 
thrown [t:\workspace\open\src\hotspot\share\interpreter\linkResolver.cpp, line 766]
Event: 1.670 Thread 0x0000018834758060 Exception <a 'java/lang/NoSuchMethodError'{0x00000000a77a2588}: 'int java.lang.invoke.Invokers$Holder.linkToTargetMethod(java.lang.Object, java.lang.Object)'> (0x00000000a77a2588) 
thrown [t:\workspace\open\src\hotspot\share\interpreter\linkResolver.cpp, line 766]
Event: 1.691 Thread 0x0000018834758060 Exception <a 'java/lang/NoSuchMethodError'{0x00000000a7625b90}: 'java.lang.Object java.lang.invoke.DirectMethodHandle$Holder.invokeSpecial(java.lang.Object, java.lang.Object, java.lang.Object, int, java.lang.Object)'> (0x00000000a7625b90) 
thrown [t:\workspace\open\src\hotspot\share\interpreter\linkResolver.cpp, line 766]
Event: 1.692 Thread 0x0000018834758060 Exception <a 'java/lang/NoSuchMethodError'{0x00000000a762e0f8}: 'java.lang.Object java.lang.invoke.DirectMethodHandle$Holder.newInvokeSpecial(java.lang.Object, java.lang.Object, java.lang.Object, int, java.lang.Object)'> (0x00000000a762e0f8) 
thrown [t:\workspace\open\src\hotspot\share\interpreter\linkResolver.cpp, line 766]
Event: 1.693 Thread 0x0000018834758060 Exception <a 'java/lang/NoSuchMethodError'{0x00000000a7635ac8}: 'java.lang.Object java.lang.invoke.Invokers$Holder.linkToTargetMethod(java.lang.Object, java.lang.Object, int, java.lang.Object, java.lang.Object)'> (0x00000000a7635ac8) 
thrown [t:\workspace\open\src\hotspot\share\interpreter\linkResolver.cpp, line 766]
Event: 1.694 Thread 0x0000018834758060 Exception <a 'java/lang/NoSuchMethodError'{0x00000000a7645bd0}: 'java.lang.Object java.lang.invoke.DirectMethodHandle$Holder.newInvokeSpecial(java.lang.Object, int, java.lang.Object)'> (0x00000000a7645bd0) 
thrown [t:\workspace\open\src\hotspot\share\interpreter\linkResolver.cpp, line 766]
Event: 1.695 Thread 0x0000018834758060 Exception <a 'java/lang/NoSuchMethodError'{0x00000000a764a6a0}: 'int java.lang.invoke.DirectMethodHandle$Holder.invokeSpecialIFC(java.lang.Object, java.lang.Object, java.lang.Object, java.lang.Object)'> (0x00000000a764a6a0) 
thrown [t:\workspace\open\src\hotspot\share\interpreter\linkResolver.cpp, line 766]
Event: 1.780 Thread 0x0000018834758060 Exception <a 'java/lang/NoSuchMethodError'{0x00000000a76fa608}: 'void java.lang.invoke.DirectMethodHandle$Holder.invokeInterface(java.lang.Object, java.lang.Object, java.lang.Object)'> (0x00000000a76fa608) 
thrown [t:\workspace\open\src\hotspot\share\interpreter\linkResolver.cpp, line 766]
Event: 1.820 Thread 0x0000018834758060 Exception <a 'java/lang/NoSuchMethodError'{0x00000000a75a44d0}: 'void java.lang.invoke.DirectMethodHandle$Holder.invokeStaticInit(java.lang.Object, java.lang.Object, java.lang.Object)'> (0x00000000a75a44d0) 
thrown [t:\workspace\open\src\hotspot\share\interpreter\linkResolver.cpp, line 766]
Event: 1.827 Thread 0x0000018834758060 Exception <a 'java/lang/NoSuchMethodError'{0x00000000a740ee90}: 'java.lang.Object java.lang.invoke.DirectMethodHandle$Holder.invokeVirtual(java.lang.Object, java.lang.Object, java.lang.Object)'> (0x00000000a740ee90) 
thrown [t:\workspace\open\src\hotspot\share\interpreter\linkResolver.cpp, line 766]
Event: 1.866 Thread 0x0000018834758060 Exception <a 'java/lang/NoSuchMethodError'{0x00000000a74c5e60}: 'java.lang.Object java.lang.invoke.DirectMethodHandle$Holder.newInvokeSpecial(java.lang.Object, long)'> (0x00000000a74c5e60) 
thrown [t:\workspace\open\src\hotspot\share\interpreter\linkResolver.cpp, line 766]
Event: 1.867 Thread 0x0000018834758060 Exception <a 'java/lang/NoSuchMethodError'{0x00000000a74cd6f8}: 'void java.lang.invoke.DirectMethodHandle$Holder.invokeVirtual(java.lang.Object, java.lang.Object, java.lang.Object, java.lang.Object)'> (0x00000000a74cd6f8) 
thrown [t:\workspace\open\src\hotspot\share\interpreter\linkResolver.cpp, line 766]
Event: 1.899 Thread 0x0000018834758060 Exception <a 'java/lang/NoSuchMethodError'{0x00000000a7380848}: 'java.lang.Object java.lang.invoke.DirectMethodHandle$Holder.invokeSpecial(java.lang.Object, java.lang.Object, long, java.lang.Object, java.lang.Object, java.lang.Object, java.lang.Object, java.lang.Object, java.lang.Object)'> (0x00000000a7380848) 
thrown [t:\workspace\open\src\hotspot\share\interpreter\linkResolver.cpp, line 766]
Event: 1.900 Thread 0x0000018834758060 Exception <a 'java/lang/NoSuchMethodError'{0x00000000a73850c8}: 'java.lang.Object java.lang.invoke.DelegatingMethodHandle$Holder.reinvoke_L(java.lang.Object, long, java.lang.Object, java.lang.Object, java.lang.Object, java.lang.Object, java.lang.Object, java.lang.Object)'> (0x00000000a73850c8) 
thrown [t:\workspace\open\src\hotspot\share\interpreter\linkResolver.cpp, line 766]
Event: 2.045 Thread 0x0000018834758ed0 Exception <a 'java/lang/NoClassDefFoundError'{0x00000000a71cc1a8}: jakarta/validation/Validation> (0x00000000a71cc1a8) 
thrown [t:\workspace\open\src\hotspot\share\classfile\systemDictionary.cpp, line 245]
Event: 2.046 Thread 0x0000018834758060 Exception <a 'java/lang/NoSuchMethodError'{0x00000000a7181438}: 'java.lang.Object java.lang.invoke.DirectMethodHandle$Holder.invokeSpecial(java.lang.Object, java.lang.Object, java.lang.Object, java.lang.Object, java.lang.Object, java.lang.Object, java.lang.Object, java.lang.Object, java.lang.Object)'> (0x00000000a7181438) 
thrown [t:\workspace\open\src\hotspot\share\interpreter\linkResolver.cpp, line 766]
Event: 2.046 Thread 0x0000018834758060 Exception <a 'java/lang/NoSuchMethodError'{0x00000000a7185d60}: 'java.lang.Object java.lang.invoke.Invokers$Holder.invoke_MT(java.lang.Object, java.lang.Object, java.lang.Object, java.lang.Object, java.lang.Object, java.lang.Object, java.lang.Object, java.lang.Object, java.lang.Object)'> (0x00000000a7185d60) 
thrown [t:\workspace\open\src\hotspot\share\interpreter\linkResolver.cpp, line 766]
Event: 2.075 Thread 0x0000018834758060 Exception <a 'java/lang/IncompatibleClassChangeError'{0x00000000a7055210}: Found class java.lang.Object, but interface was expected> (0x00000000a7055210) 
thrown [t:\workspace\open\src\hotspot\share\interpreter\linkResolver.cpp, line 833]

VM Operations (20 events):
Event: 0.313 Executing VM operation: HandshakeAllThreads
Event: 0.313 Executing VM operation: HandshakeAllThreads done
Event: 0.387 Executing VM operation: HandshakeAllThreads
Event: 0.387 Executing VM operation: HandshakeAllThreads done
Event: 1.133 Executing VM operation: ICBufferFull
Event: 1.133 Executing VM operation: ICBufferFull done
Event: 1.135 Executing VM operation: HandshakeAllThreads
Event: 1.135 Executing VM operation: HandshakeAllThreads done
Event: 1.206 Executing VM operation: G1CollectForAllocation
Event: 1.212 Executing VM operation: G1CollectForAllocation done
Event: 1.647 Executing VM operation: HandshakeAllThreads
Event: 1.647 Executing VM operation: HandshakeAllThreads done
Event: 1.772 Executing VM operation: HandshakeAllThreads
Event: 1.772 Executing VM operation: HandshakeAllThreads done
Event: 1.932 Executing VM operation: ICBufferFull
Event: 1.932 Executing VM operation: ICBufferFull done
Event: 2.032 Executing VM operation: HandshakeAllThreads
Event: 2.032 Executing VM operation: HandshakeAllThreads done
Event: 2.032 Executing VM operation: HandshakeAllThreads
Event: 2.032 Executing VM operation: HandshakeAllThreads done

Events (20 events):
Event: 2.190 loading class java/lang/CloneNotSupportedException
Event: 2.191 loading class java/lang/CloneNotSupportedException done
Event: 2.219 loading class java/beans/Transient
Event: 2.219 loading class java/beans/Transient done
Event: 2.219 loading class java/beans/ConstructorProperties
Event: 2.219 loading class java/beans/ConstructorProperties done
Event: 2.229 loading class java/io/InvalidObjectException
Event: 2.229 loading class java/io/InvalidObjectException done
Event: 2.234 loading class java/util/concurrent/ConcurrentLinkedQueue
Event: 2.234 loading class java/util/concurrent/ConcurrentLinkedQueue done
Event: 2.235 loading class java/util/concurrent/ConcurrentLinkedQueue$Node
Event: 2.235 loading class java/util/concurrent/ConcurrentLinkedQueue$Node done
Event: 2.236 loading class java/lang/Deprecated
Event: 2.236 loading class java/lang/Deprecated done
Event: 2.239 loading class java/util/concurrent/atomic/AtomicLongArray
Event: 2.239 loading class java/util/concurrent/atomic/AtomicLongArray done
Event: 2.240 loading class java/lang/invoke/VarHandleLongs$Array
Event: 2.240 loading class java/lang/invoke/VarHandleLongs$Array done
Event: 2.241 loading class java/util/concurrent/atomic/AtomicReferenceArray
Event: 2.241 loading class java/util/concurrent/atomic/AtomicReferenceArray done


Dynamic libraries:
0x00007ff7887d0000 - 0x00007ff7887e0000 	C:\Program Files\Java\jdk-17.0.3.1\bin\java.exe
0x00007ffb201b0000 - 0x00007ffb203c7000 	C:\WINDOWS\SYSTEM32\ntdll.dll
0x00007ffaa8c40000 - 0x00007ffaa8c60000 	C:\Program Files\Avast Software\Avast\aswhook.dll
0x00007ffb1e0c0000 - 0x00007ffb1e184000 	C:\WINDOWS\System32\KERNEL32.DLL
0x00007ffb1d630000 - 0x00007ffb1da02000 	C:\WINDOWS\System32\KERNELBASE.dll
0x00007ffb1dbb0000 - 0x00007ffb1dcc1000 	C:\WINDOWS\System32\ucrtbase.dll
0x00007ffaf5040000 - 0x00007ffaf505a000 	C:\Program Files\Java\jdk-17.0.3.1\bin\VCRUNTIME140.dll
0x00007ffb0db20000 - 0x00007ffb0db38000 	C:\Program Files\Java\jdk-17.0.3.1\bin\jli.dll
0x00007ffb1e510000 - 0x00007ffb1e5c1000 	C:\WINDOWS\System32\ADVAPI32.dll
0x00007ffb1f7c0000 - 0x00007ffb1f867000 	C:\WINDOWS\System32\msvcrt.dll
0x00007ffb1e5d0000 - 0x00007ffb1e678000 	C:\WINDOWS\System32\sechost.dll
0x00007ffb1da40000 - 0x00007ffb1da68000 	C:\WINDOWS\System32\bcrypt.dll
0x00007ffb1e200000 - 0x00007ffb1e317000 	C:\WINDOWS\System32\RPCRT4.dll
0x00007ffb1deb0000 - 0x00007ffb1e061000 	C:\WINDOWS\System32\USER32.dll
0x00007ffb1da10000 - 0x00007ffb1da36000 	C:\WINDOWS\System32\win32u.dll
0x00007ffb1e320000 - 0x00007ffb1e349000 	C:\WINDOWS\System32\GDI32.dll
0x00007ffb1d500000 - 0x00007ffb1d623000 	C:\WINDOWS\System32\gdi32full.dll
0x00007ffb1d2a0000 - 0x00007ffb1d33a000 	C:\WINDOWS\System32\msvcp_win.dll
0x00007ffb129c0000 - 0x00007ffb129ca000 	C:\WINDOWS\SYSTEM32\VERSION.dll
0x00007ffb07fd0000 - 0x00007ffb0826b000 	C:\WINDOWS\WinSxS\amd64_microsoft.windows.common-controls_6595b64144ccf1df_6.0.22621.5697_none_27154c497380d676\COMCTL32.dll
0x00007ffb1f040000 - 0x00007ffb1f071000 	C:\WINDOWS\System32\IMM32.DLL
0x00007ffb02ea0000 - 0x00007ffb02eac000 	C:\Program Files\Java\jdk-17.0.3.1\bin\vcruntime140_1.dll
0x00007ffad1f80000 - 0x00007ffad200d000 	C:\Program Files\Java\jdk-17.0.3.1\bin\msvcp140.dll
0x00007ffac22d0000 - 0x00007ffac2e90000 	C:\Program Files\Java\jdk-17.0.3.1\bin\server\jvm.dll
0x00007ffb1f510000 - 0x00007ffb1f518000 	C:\WINDOWS\System32\PSAPI.DLL
0x00007ffb08e50000 - 0x00007ffb08e59000 	C:\WINDOWS\SYSTEM32\WSOCK32.dll
0x00007ffb17eb0000 - 0x00007ffb17ee4000 	C:\WINDOWS\SYSTEM32\WINMM.dll
0x00007ffb1f3e0000 - 0x00007ffb1f451000 	C:\WINDOWS\System32\WS2_32.dll
0x00007ffb1c1f0000 - 0x00007ffb1c208000 	C:\WINDOWS\SYSTEM32\kernel.appcore.dll
0x00007ffafe700000 - 0x00007ffafe70a000 	C:\Program Files\Java\jdk-17.0.3.1\bin\jimage.dll
0x00007ffb1ad30000 - 0x00007ffb1af63000 	C:\WINDOWS\SYSTEM32\DBGHELP.DLL
0x00007ffb1f950000 - 0x00007ffb1fce2000 	C:\WINDOWS\System32\combase.dll
0x00007ffb1f870000 - 0x00007ffb1f948000 	C:\WINDOWS\System32\OLEAUT32.dll
0x00007ffb11760000 - 0x00007ffb11792000 	C:\WINDOWS\SYSTEM32\dbgcore.DLL
0x00007ffb1d340000 - 0x00007ffb1d3bb000 	C:\WINDOWS\System32\bcryptPrimitives.dll
0x00007ffb17920000 - 0x00007ffb1792e000 	C:\Program Files\Java\jdk-17.0.3.1\bin\instrument.dll
0x00007ffaf4ef0000 - 0x00007ffaf4f15000 	C:\Program Files\Java\jdk-17.0.3.1\bin\java.dll
0x00007ffad05a0000 - 0x00007ffad0676000 	C:\Program Files\Java\jdk-17.0.3.1\bin\jsvml.dll
0x00007ffb1e780000 - 0x00007ffb1f021000 	C:\WINDOWS\System32\SHELL32.dll
0x00007ffb1d3c0000 - 0x00007ffb1d4ff000 	C:\WINDOWS\System32\wintypes.dll
0x00007ffb1b130000 - 0x00007ffb1ba4a000 	C:\WINDOWS\SYSTEM32\windows.storage.dll
0x00007ffb1f520000 - 0x00007ffb1f62b000 	C:\WINDOWS\System32\SHCORE.dll
0x00007ffb1e190000 - 0x00007ffb1e1f9000 	C:\WINDOWS\System32\shlwapi.dll
0x00007ffb1d1d0000 - 0x00007ffb1d1fb000 	C:\WINDOWS\SYSTEM32\profapi.dll
0x00007ffaf4eb0000 - 0x00007ffaf4ec8000 	C:\Program Files\Java\jdk-17.0.3.1\bin\zip.dll
0x00007ffaf5020000 - 0x00007ffaf5039000 	C:\Program Files\Java\jdk-17.0.3.1\bin\net.dll
0x00007ffb17b00000 - 0x00007ffb17c2c000 	C:\WINDOWS\SYSTEM32\WINHTTP.dll
0x00007ffb1c730000 - 0x00007ffb1c799000 	C:\WINDOWS\system32\mswsock.dll
0x00007ffaf4ed0000 - 0x00007ffaf4ee6000 	C:\Program Files\Java\jdk-17.0.3.1\bin\nio.dll
0x00007ffb0dd80000 - 0x00007ffb0dd9a000 	C:\Program Files\JetBrains\IntelliJ IDEA Community Edition 2022.2.3\bin\breakgen64.dll
0x00007ffaf7b20000 - 0x00007ffaf7b30000 	C:\Program Files\Java\jdk-17.0.3.1\bin\verify.dll
0x00007ffb10280000 - 0x00007ffb10289000 	C:\Program Files\Java\jdk-17.0.3.1\bin\management.dll
0x00007ffb0de00000 - 0x00007ffb0de0b000 	C:\Program Files\Java\jdk-17.0.3.1\bin\management_ext.dll

dbghelp: loaded successfully - version: 4.0.5 - missing functions: none
symbol engine: initialized successfully - sym options: 0x614 - pdb path: .;C:\Program Files\Java\jdk-17.0.3.1\bin;C:\WINDOWS\SYSTEM32;C:\Program Files\Avast Software\Avast;C:\WINDOWS\WinSxS\amd64_microsoft.windows.common-controls_6595b64144ccf1df_6.0.22621.5697_none_27154c497380d676;C:\Program Files\Java\jdk-17.0.3.1\bin\server;C:\Program Files\JetBrains\IntelliJ IDEA Community Edition 2022.2.3\bin

VM Arguments:
jvm_args: -javaagent:C:\Program Files\JetBrains\IntelliJ IDEA Community Edition 2022.2.3\lib\idea_rt.jar=51870:C:\Program Files\JetBrains\IntelliJ IDEA Community Edition 2022.2.3\bin -Dfile.encoding=UTF-8 
java_command: com.project.mvc.Application
java_class_path (initial): C:\Users\conta\OneDrive\Área de Trabalho\PROJETOS  JAVA 2025\ReformeIA\mvc\target\classes;C:\Users\conta\.m2\repository\org\springframework\boot\spring-boot-starter-mail\3.5.4\spring-boot-starter-mail-3.5.4.jar;C:\Users\conta\.m2\repository\org\springframework\boot\spring-boot-starter\3.5.4\spring-boot-starter-3.5.4.jar;C:\Users\conta\.m2\repository\org\springframework\boot\spring-boot-starter-logging\3.5.4\spring-boot-starter-logging-3.5.4.jar;C:\Users\conta\.m2\repository\ch\qos\logback\logback-classic\1.5.18\logback-classic-1.5.18.jar;C:\Users\conta\.m2\repository\ch\qos\logback\logback-core\1.5.18\logback-core-1.5.18.jar;C:\Users\conta\.m2\repository\org\apache\logging\log4j\log4j-to-slf4j\2.24.3\log4j-to-slf4j-2.24.3.jar;C:\Users\conta\.m2\repository\org\apache\logging\log4j\log4j-api\2.24.3\log4j-api-2.24.3.jar;C:\Users\conta\.m2\repository\org\slf4j\jul-to-slf4j\2.0.17\jul-to-slf4j-2.0.17.jar;C:\Users\conta\.m2\repository\jakarta\annotation\jakarta.annotation-api\2.1.1\jakarta.annotation-api-2.1.1.jar;C:\Users\conta\.m2\repository\org\yaml\snakeyaml\2.4\snakeyaml-2.4.jar;C:\Users\conta\.m2\repository\org\springframework\spring-context-support\6.2.9\spring-context-support-6.2.9.jar;C:\Users\conta\.m2\repository\org\springframework\spring-beans\6.2.9\spring-beans-6.2.9.jar;C:\Users\conta\.m2\repository\org\springframework\spring-context\6.2.9\spring-context-6.2.9.jar;C:\Users\conta\.m2\repository\org\eclipse\angus\jakarta.mail\2.0.3\jakarta.mail-2.0.3.jar;C:\Users\conta\.m2\repository\jakarta\activation\jakarta.activation-api\2.1.3\jakarta.activation-api-2.1.3.jar;C:\Users\conta\.m2\repository\org\eclipse\angus\angus-activation\2.0.2\angus-activation-2.0.2.jar;C:\Users\conta\.m2\repository\org\springframework\boot\spring-boot-starter-web\3.5.4\spring-boot-starter-web-3.5.4.jar;C:\Users\conta\.m2\repository\org\springframework\boot\spring-boot-starter-json\3.5.4\spring-boot-starter-json-3.5.4.jar;C:\Users\conta\.m2\repository\com\fas
Launcher Type: SUN_STANDARD

[Global flags]
     intx CICompilerCount                          = 12                                        {product} {ergonomic}
     uint ConcGCThreads                            = 3                                         {product} {ergonomic}
     uint G1ConcRefinementThreads                  = 13                                        {product} {ergonomic}
   size_t G1HeapRegionSize                         = 1048576                                   {product} {ergonomic}
    uintx GCDrainStackTargetSize                   = 64                                        {product} {ergonomic}
   size_t InitialHeapSize                          = 98566144                                  {product} {ergonomic}
   size_t MarkStackSize                            = 4194304                                   {product} {ergonomic}
   size_t MaxHeapSize                              = 1574961152                                {product} {ergonomic}
   size_t MaxNewSize                               = 944766976                                 {product} {ergonomic}
   size_t MinHeapDeltaBytes                        = 1048576                                   {product} {ergonomic}
   size_t MinHeapSize                              = 8388608                                   {product} {ergonomic}
    uintx NonNMethodCodeHeapSize                   = 7602480                                {pd product} {ergonomic}
    uintx NonProfiledCodeHeapSize                  = 122027880                              {pd product} {ergonomic}
    uintx ProfiledCodeHeapSize                     = 122027880                              {pd product} {ergonomic}
    uintx ReservedCodeCacheSize                    = 251658240                              {pd product} {ergonomic}
     bool SegmentedCodeCache                       = true                                      {product} {ergonomic}
   size_t SoftMaxHeapSize                          = 1574961152                             {manageable} {ergonomic}
     bool UseCompressedClassPointers               = true                           {product lp64_product} {ergonomic}
     bool UseCompressedOops                        = true                           {product lp64_product} {ergonomic}
     bool UseG1GC                                  = true                                      {product} {ergonomic}
     bool UseLargePagesIndividualAllocation        = false                                  {pd product} {ergonomic}

Logging:
Log output configuration:
 #0: stdout all=warning uptime,level,tags
 #1: stderr all=off uptime,level,tags

Environment Variables:
JAVA_HOME=C:\Program Files\Java\jdk-17.0.3.1
PATH=C:\Program Files\Common Files\Oracle\Java\javapath;C:\WINDOWS\system32;C:\WINDOWS;C:\WINDOWS\System32\Wbem;C:\WINDOWS\System32\WindowsPowerShell\v1.0\;C:\WINDOWS\System32\OpenSSH\;C:\Program Files\Java\jdk-17.0.3.1;C:\apache-maven-3.9.9\bin;C:\Program Files\Git\cmd;C:\Program Files\Docker\Docker\resources\bin;C:\ProgramData\DockerDesktop\version-bin;C:\Program Files\MongoDB\Server\6.0\bin;C:\Program Files\nodejs\;C:\Users\conta\AppData\Local\Microsoft\WindowsApps;;C:\Users\conta\AppData\Local\Programs\Microsoft VS Code\bin;C:\Program Files\JetBrains\IntelliJ IDEA 2022.2.3\bin;;C:\Program Files\JetBrains\IntelliJ IDEA Community Edition 2022.2.3\bin;;C:\Users\conta\AppData\Roaming\npm
USERNAME=conta
OS=Windows_NT
PROCESSOR_IDENTIFIER=AMD64 Family 23 Model 104 Stepping 1, AuthenticAMD



---------------  S Y S T E M  ---------------

OS:
 Windows 11 , 64 bit Build 22621 (10.0.22621.5415)
OS uptime: 5 days 17:31 hours
Hyper-V role detected

CPU: total 16 (initial active 16) (16 cores per cpu, 2 threads per core) family 23 model 104 stepping 1 microcode 0x0, cx8, cmov, fxsr, ht, mmx, 3dnowpref, sse, sse2, sse3, ssse3, sse4a, sse4.1, sse4.2, popcnt, lzcnt, tsc, tscinvbit, avx, avx2, aes, clmul, bmi1, bmi2, adx, sha, fma, vzeroupper, clflush, clflushopt, hv

Memory: 4k page, system-wide physical 6005M (323M free)
TotalPageFile size 24437M (AvailPageFile size 2M)
current process WorkingSet (physical memory assigned to process): 115M, peak: 115M
current process commit charge ("private bytes"): 231M, peak: 231M

vm_info: Java HotSpot(TM) 64-Bit Server VM (17.0.3.1+2-LTS-6) for windows-amd64 JRE (17.0.3.1+2-LTS-6), built on Apr 25 2022 22:04:21 by "mach5one" with MS VC++ 16.8 / 16.9 (VS2019)

END.
